#
# There is insufficient memory for the Java Runtime Environment to continue.
# Native memory allocation (mmap) failed to map 266338304 bytes for G1 virtual space
# Possible reasons:
#   The system is out of physical RAM or swap space
#   The process is running with CompressedOops enabled, and the Java Heap may be blocking the growth of the native heap
# Possible solutions:
#   Reduce memory load on the system
#   Increase physical memory or swap space
#   Check if swap backing store is full
#   Decrease Java heap size (-Xmx/-Xms)
#   Decrease number of Java threads
#   Decrease Java thread stack sizes (-Xss)
#   Set larger code cache with -XX:ReservedCodeCacheSize=
#   JVM is running with Zero Based Compressed Oops mode in which the Java heap is
#     placed in the first 32GB address space. The Java Heap base address is the
#     maximum limit for the native heap growth. Please use -XX:HeapBaseMinAddress
#     to set the Java Heap base and to place the Java Heap above 32GB virtual address.
# This output file may be truncated or incomplete.
#
#  Out of Memory Error (os_windows.cpp:3469), pid=8820, tid=7700
#
# JRE version:  (17.0.1+12) (build )
# Java VM: Java HotSpot(TM) 64-Bit Server VM (17.0.1+12-LTS-39, mixed mode, sharing, tiered, compressed oops, compressed class ptrs, g1 gc, windows-amd64)
# No core dump will be written. Minidumps are not enabled by default on client versions of Windows
#

---------------  S U M M A R Y ------------

Command Line: -Dvisualvm.id=105420422302100 -javaagent:E:\IntelliJ IDEA Educational Edition 2022.1.1\lib\idea_rt.jar=61854:E:\IntelliJ IDEA Educational Edition 2022.1.1\bin -Dfile.encoding=UTF-8 com.GameFrame

Host: Intel(R) Core(TM) i5-10200H CPU @ 2.40GHz, 8 cores, 15G,  Windows 10 , 64 bit Build 22621 (10.0.22621.1635)
Time: Mon May 22 21:46:23 2023  Windows 10 , 64 bit Build 22621 (10.0.22621.1635) elapsed time: 0.019279 seconds (0d 0h 0m 0s)

---------------  T H R E A D  ---------------

Current thread (0x00000269c1f4fef0):  JavaThread "Unknown thread" [_thread_in_vm, id=7700, stack(0x000000fdb1d00000,0x000000fdb1e00000)]

Stack: [0x000000fdb1d00000,0x000000fdb1e00000]
Native frames: (J=compiled Java code, j=interpreted, Vv=VM code, C=native code)
V  [jvm.dll+0x66fa1a]
V  [jvm.dll+0x7ce5a4]
V  [jvm.dll+0x7cfd4e]
V  [jvm.dll+0x7d03b3]
V  [jvm.dll+0x242b05]
V  [jvm.dll+0x66ca39]
V  [jvm.dll+0x661502]
V  [jvm.dll+0x30081b]
V  [jvm.dll+0x307da6]
V  [jvm.dll+0x357a1e]
V  [jvm.dll+0x357c4f]
V  [jvm.dll+0x2d7ad8]
V  [jvm.dll+0x2d8a44]
V  [jvm.dll+0x7a01e1]
V  [jvm.dll+0x365791]
V  [jvm.dll+0x77f6cc]
V  [jvm.dll+0x3e812f]
V  [jvm.dll+0x3e9bd1]
C  [jli.dll+0x527b]
C  [ucrtbase.dll+0x29363]
C  [KERNEL32.DLL+0x126ad]
C  [ntdll.dll+0x5a9f8]


---------------  P R O C E S S  ---------------

Threads class SMR info:
_java_thread_list=0x00007ffaf39a7818, length=0, elements={
}

Java Threads: ( => current thread )

Other Threads:
  0x00000269c1f9e9c0 GCTaskThread "GC Thread#0" [stack: 0x000000fdb1e00000,0x000000fdb1f00000] [id=10812]
  0x00000269c1fb0870 ConcurrentGCThread "G1 Main Marker" [stack: 0x000000fdb1f00000,0x000000fdb2000000] [id=7964]
  0x00000269c1fb2a30 ConcurrentGCThread "G1 Conc#0" [stack: 0x000000fdb2000000,0x000000fdb2100000] [id=17320]

[error occurred during error reporting (printing all threads), id 0xc0000005, EXCEPTION_ACCESS_VIOLATION (0xc0000005) at pc=0x00007ffaf31f84b7]

VM state: not at safepoint (not fully initialized)

VM Mutex/Monitor currently owned by a thread:  ([mutex/lock_event])
[0x00000269c1f4aa50] Heap_lock - owner thread: 0x00000269c1f4fef0

Heap address: 0x0000000702000000, size: 4064 MB, Compressed Oops mode: Zero based, Oop shift amount: 3

CDS archive(s) mapped at: [0x0000000000000000-0x0000000000000000-0x0000000000000000), size 0, SharedBaseAddress: 0x0000000800000000, ArchiveRelocationMode: 0.
Narrow klass base: 0x0000000000000000, Narrow klass shift: 0, Narrow klass range: 0x0

GC Precious Log:
<Empty>

Heap:
 garbage-first heap   total 0K, used 0K [0x0000000702000000, 0x0000000800000000)
  region size 2048K, 0 young (0K), 0 survivors (0K)

[error occurred during error reporting (printing heap information), id 0xc0000005, EXCEPTION_ACCESS_VIOLATION (0xc0000005) at pc=0x00007ffaf35d8d89]

GC Heap History (0 events):
No events

Deoptimization events (0 events):
No events

Classes unloaded (0 events):
No events

Classes redefined (0 events):
No events

Internal exceptions (0 events):
No events

VM Operations (0 events):
No events

Events (1 events):
Event: 0.014 Loaded shared library D:\Java\jdk-17\bin\java.dll


Dynamic libraries:
0x00007ff7bea80000 - 0x00007ff7bea90000 	D:\Java\jdk-17\bin\java.exe
0x00007ffbac350000 - 0x00007ffbac564000 	C:\WINDOWS\SYSTEM32\ntdll.dll
0x00007ffbaa5c0000 - 0x00007ffbaa682000 	C:\WINDOWS\System32\KERNEL32.DLL
0x00007ffba9770000 - 0x00007ffba9b13000 	C:\WINDOWS\System32\KERNELBASE.dll
0x00007ffba9cb0000 - 0x00007ffba9dc1000 	C:\WINDOWS\System32\ucrtbase.dll
0x00007ffba3d60000 - 0x00007ffba3d78000 	D:\Java\jdk-17\bin\jli.dll
0x00007ffb96f40000 - 0x00007ffb96f5a000 	D:\Java\jdk-17\bin\VCRUNTIME140.dll
0x00007ffbaa180000 - 0x00007ffbaa22e000 	C:\WINDOWS\System32\ADVAPI32.dll
0x00007ffbaaec0000 - 0x00007ffbaaf67000 	C:\WINDOWS\System32\msvcrt.dll
0x00007ffbab940000 - 0x00007ffbab9e4000 	C:\WINDOWS\System32\sechost.dll
0x00007ffbaac20000 - 0x00007ffbaad37000 	C:\WINDOWS\System32\RPCRT4.dll
0x00007ffbab2c0000 - 0x00007ffbab46b000 	C:\WINDOWS\System32\USER32.dll
0x00007ffbaa060000 - 0x00007ffbaa086000 	C:\WINDOWS\System32\win32u.dll
0x00007ffbab910000 - 0x00007ffbab939000 	C:\WINDOWS\System32\GDI32.dll
0x00007ffba9b20000 - 0x00007ffba9c38000 	C:\WINDOWS\System32\gdi32full.dll
0x00007ffb92e20000 - 0x00007ffb930ae000 	C:\WINDOWS\WinSxS\amd64_microsoft.windows.common-controls_6595b64144ccf1df_6.0.22621.1635_none_270f70857386168e\COMCTL32.dll
0x00007ffba9fc0000 - 0x00007ffbaa05a000 	C:\WINDOWS\System32\msvcp_win.dll
0x00007ffba3590000 - 0x00007ffba359a000 	C:\WINDOWS\SYSTEM32\VERSION.dll
0x00007ffbab080000 - 0x00007ffbab0b1000 	C:\WINDOWS\System32\IMM32.DLL
0x00007ffba4c70000 - 0x00007ffba4c7c000 	D:\Java\jdk-17\bin\vcruntime140_1.dll
0x00007ffb952d0000 - 0x00007ffb9535d000 	D:\Java\jdk-17\bin\msvcp140.dll
0x00007ffaf2f10000 - 0x00007ffaf3ace000 	D:\Java\jdk-17\bin\server\jvm.dll
0x00007ffbabaa0000 - 0x00007ffbabaa8000 	C:\WINDOWS\System32\PSAPI.DLL
0x00007ffba29e0000 - 0x00007ffba2a14000 	C:\WINDOWS\SYSTEM32\WINMM.dll
0x00007ffba3d20000 - 0x00007ffba3d29000 	C:\WINDOWS\SYSTEM32\WSOCK32.dll
0x00007ffbaaaf0000 - 0x00007ffbaab61000 	C:\WINDOWS\System32\WS2_32.dll
0x00007ffba8870000 - 0x00007ffba8888000 	C:\WINDOWS\SYSTEM32\kernel.appcore.dll
0x00007ffba3d10000 - 0x00007ffba3d1a000 	D:\Java\jdk-17\bin\jimage.dll
0x00007ffba70a0000 - 0x00007ffba72ce000 	C:\WINDOWS\SYSTEM32\DBGHELP.DLL
0x00007ffbaa230000 - 0x00007ffbaa5b9000 	C:\WINDOWS\System32\combase.dll
0x00007ffbab0c0000 - 0x00007ffbab197000 	C:\WINDOWS\System32\OLEAUT32.dll
0x00007ffb83980000 - 0x00007ffb839b2000 	C:\WINDOWS\SYSTEM32\dbgcore.DLL
0x00007ffba9dd0000 - 0x00007ffba9e4b000 	C:\WINDOWS\System32\bcryptPrimitives.dll
0x00007ffba4aa0000 - 0x00007ffba4aae000 	D:\Java\jdk-17\bin\instrument.dll
0x00007ffb952a0000 - 0x00007ffb952c5000 	D:\Java\jdk-17\bin\java.dll

dbghelp: loaded successfully - version: 4.0.5 - missing functions: none
symbol engine: initialized successfully - sym options: 0x614 - pdb path: .;D:\Java\jdk-17\bin;C:\WINDOWS\SYSTEM32;C:\WINDOWS\WinSxS\amd64_microsoft.windows.common-controls_6595b64144ccf1df_6.0.22621.1635_none_270f70857386168e;D:\Java\jdk-17\bin\server

VM Arguments:
jvm_args: -Dvisualvm.id=105420422302100 -javaagent:E:\IntelliJ IDEA Educational Edition 2022.1.1\lib\idea_rt.jar=61854:E:\IntelliJ IDEA Educational Edition 2022.1.1\bin -Dfile.encoding=UTF-8 
java_command: com.GameFrame
java_class_path (initial): E:\159261\Assignment2\Assignment2_1\untitled2\out\production\untitled2
Launcher Type: SUN_STANDARD

[Global flags]
     intx CICompilerCount                          = 4                                         {product} {ergonomic}
     uint ConcGCThreads                            = 2                                         {product} {ergonomic}
     uint G1ConcRefinementThreads                  = 8                                         {product} {ergonomic}
   size_t G1HeapRegionSize                         = 2097152                                   {product} {ergonomic}
    uintx GCDrainStackTargetSize                   = 64                                        {product} {ergonomic}
   size_t InitialHeapSize                          = 266338304                                 {product} {ergonomic}
   size_t MarkStackSize                            = 4194304                                   {product} {ergonomic}
   size_t MaxHeapSize                              = 4261412864                                {product} {ergonomic}
   size_t MinHeapDeltaBytes                        = 2097152                                   {product} {ergonomic}
   size_t MinHeapSize                              = 8388608                                   {product} {ergonomic}
    uintx NonNMethodCodeHeapSize                   = 5839372                                {pd product} {ergonomic}
    uintx NonProfiledCodeHeapSize                  = 122909434                              {pd product} {ergonomic}
    uintx ProfiledCodeHeapSize                     = 122909434                              {pd product} {ergonomic}
    uintx ReservedCodeCacheSize                    = 251658240                              {pd product} {ergonomic}
     bool SegmentedCodeCache                       = true                                      {product} {ergonomic}
   size_t SoftMaxHeapSize                          = 4261412864                             {manageable} {ergonomic}
     bool UseCompressedClassPointers               = true                           {product lp64_product} {ergonomic}
     bool UseCompressedOops                        = true                           {product lp64_product} {ergonomic}
     bool UseG1GC                                  = true                                      {product} {ergonomic}
     bool UseLargePagesIndividualAllocation        = false                                  {pd product} {ergonomic}

Logging:
Log output configuration:
 #0: stdout all=warning uptime,level,tags
 #1: stderr all=off uptime,level,tags

Environment Variables:
JAVA_HOME=D:\java\jdk-17
CLASSPATH=.;D:\java\jdk-17\lib\dt.jar;D:\java\jdk-17\lib\tools.jar; 
PATH=D:\java\jdk-17\bin;C:\Program Files (x86)\Common Files\Oracle\Java\javapath;C:\WINDOWS\system32;C:\WINDOWS;C:\WINDOWS\System32\Wbem;C:\WINDOWS\System32\WindowsPowerShell\v1.0\;C:\WINDOWS\System32\OpenSSH\;"D:\java\jdk-17\bin;D:\java\jdk-17\jre\bin;";D:\java\jdk-17\bin;D:\java\apache-maven-3.6.3\bin;E:\Git\bin;C:\Program Files\dotnet\;C:\Program Files\Microsoft SQL Server\150\Tools\Binn\;C:\Program Files\Microsoft SQL Server\Client SDK\ODBC\170\Tools\Binn\;C:\Program Files\NVIDIA Corporation\NVIDIA NvDLISR;C:\WINDOWS\system32;C:\WINDOWS;C:\WINDOWS\System32\Wbem;C:\WINDOWS\System32\WindowsPowerShell\v1.0\;C:\WINDOWS\System32\OpenSSH\;C:\Users\cfc\AppData\Local\Microsoft\WindowsApps;D:\clangue\CLion 2021.2.3\bin;;D:\java\IntelliJ IDEA Community Edition 2021.3\bin;;E:\IntelliJ IDEA Educational Edition 2022.1.1\bin;;E:\Microsoft VS Code\bin;D:\java\jdk-17;C:\Users\cfc\.dotnet\tools;D:\WebStorm 2022.2.3\bin;;C:\Users\cfc\AppData\Local\Pandoc\
USERNAME=cfc
OS=Windows_NT
PROCESSOR_IDENTIFIER=Intel64 Family 6 Model 165 Stepping 2, GenuineIntel



---------------  S Y S T E M  ---------------

OS:
 Windows 10 , 64 bit Build 22621 (10.0.22621.1635)
OS uptime: 1 days 5:16 hours
Hyper-V role detected

CPU: total 8 (initial active 8) (4 cores per cpu, 2 threads per core) family 6 model 165 stepping 2 microcode 0xe0, cx8, cmov, fxsr, ht, mmx, 3dnowpref, sse, sse2, sse3, ssse3, sse4.1, sse4.2, popcnt, lzcnt, tsc, tscinvbit, avx, avx2, aes, erms, clmul, bmi1, bmi2, adx, fma, vzeroupper, clflush, clflushopt, hv

Memory: 4k page, system-wide physical 16251M (639M free)
TotalPageFile size 26484M (AvailPageFile size 96M)
current process WorkingSet (physical memory assigned to process): 11M, peak: 11M
current process commit charge ("private bytes"): 60M, peak: 314M

vm_info: Java HotSpot(TM) 64-Bit Server VM (17.0.1+12-LTS-39) for windows-amd64 JRE (17.0.1+12-LTS-39), built on Sep 27 2021 18:41:35 by "mach5one" with MS VC++ 16.8 (VS2019)

END.
